<?xml version="1.0" encoding="UTF-8"?>
<!-- Generated by org.testng.reporters.JUnitReportReporter -->
<testsuite skipped="0" hostname="LAPTOP-UIFB6OJH" name="TestCases.ClientPerformanceTest_011" tests="2" failures="0" timestamp="2021-06-26T18:33:40 PDT" time="67.742" errors="0">
  <testcase name="Clientperformance" time="38.861" classname="TestCases.ClientPerformanceTest_011"/>
  <system-out/>
  <testcase name="Outstanding" time="28.881" classname="TestCases.ClientPerformanceTest_011"/>
  <system-out/>
</testsuite> <!-- TestCases.ClientPerformanceTest_011 -->
