<?xml version="1.0" encoding="UTF-8"?>
<!-- Generated by org.testng.reporters.JUnitReportReporter -->
<testsuite skipped="0" hostname="LAPTOP-UIFB6OJH" name="TestCases.AllInvoiceTest_004" tests="1" failures="0" timestamp="2021-06-18T13:47:56 PDT" time="60.034" errors="0">
  <testcase name="AllInvoice" time="60.034" classname="TestCases.AllInvoiceTest_004"/>
  <system-out/>
</testsuite> <!-- TestCases.AllInvoiceTest_004 -->
