<?xml version="1.0" encoding="UTF-8"?>
<!-- Generated by org.testng.reporters.JUnitReportReporter -->
<testsuite skipped="0" hostname="LAPTOP-UIFB6OJH" name="TestCases.InvoicePagetest_002" tests="1" failures="0" timestamp="2021-05-31T16:02:01 PDT" time="1375.201" errors="0">
  <testcase name="ClickAddInvoice" time="1375.201" classname="TestCases.InvoicePagetest_002"/>
  <system-out/>
</testsuite> <!-- TestCases.InvoicePagetest_002 -->
