<?xml version="1.0" encoding="UTF-8"?>
<!-- Generated by org.testng.reporters.JUnitReportReporter -->
<testsuite skipped="0" hostname="LAPTOP-UIFB6OJH" name="TestCases.InvoicePagetest_002" tests="1" failures="0" timestamp="2021-05-24T13:54:14 PDT" time="44.264" errors="0">
  <testcase name="BulkUploadFile" time="44.264" classname="TestCases.InvoicePagetest_002"/>
  <system-out/>
</testsuite> <!-- TestCases.InvoicePagetest_002 -->
