<?xml version="1.0" encoding="UTF-8"?>
<!-- Generated by org.testng.reporters.JUnitReportReporter -->
<testsuite skipped="0" hostname="LAPTOP-UIFB6OJH" name="TestCases.ByDueDaysTest_007" tests="1" failures="0" timestamp="2021-05-31T17:33:33 PDT" time="66.585" errors="0">
  <testcase name="Click15dayspay" time="66.585" classname="TestCases.ByDueDaysTest_007"/>
  <system-out/>
</testsuite> <!-- TestCases.ByDueDaysTest_007 -->
