<?xml version="1.0" encoding="UTF-8"?>
<!-- Generated by org.testng.reporters.JUnitReportReporter -->
<testsuite skipped="0" hostname="LAPTOP-UIFB6OJH" name="TestCases.AdministartorTest_012" tests="5" failures="0" timestamp="2021-06-26T18:25:18 PDT" time="218.342" errors="0">
  <testcase name="AddUser" time="40.437" classname="TestCases.AdministartorTest_012"/>
  <system-out/>
  <testcase name="Addcategory" time="43.978" classname="TestCases.AdministartorTest_012"/>
  <system-out/>
  <testcase name="AddAccounManager" time="39.266" classname="TestCases.AdministartorTest_012"/>
  <system-out/>
  <testcase name="AddBankDetails" time="43.462" classname="TestCases.AdministartorTest_012"/>
  <system-out/>
  <testcase name="AddCustomers" time="51.199" classname="TestCases.AdministartorTest_012"/>
  <system-out/>
</testsuite> <!-- TestCases.AdministartorTest_012 -->
