<?xml version="1.0" encoding="UTF-8"?>
<!-- Generated by org.testng.reporters.JUnitReportReporter -->
<testsuite skipped="0" hostname="LAPTOP-UIFB6OJH" name="TestCases.ByAgeingReportsTest_009" tests="1" failures="0" timestamp="2021-05-31T18:33:08 PDT" time="38.558" errors="0">
  <testcase name="verifyInvoice" time="38.558" classname="TestCases.ByAgeingReportsTest_009"/>
  <system-out/>
</testsuite> <!-- TestCases.ByAgeingReportsTest_009 -->
