<?xml version="1.0" encoding="UTF-8"?>
<!-- Generated by org.testng.reporters.JUnitReportReporter -->
<testsuite skipped="0" hostname="LAPTOP-UIFB6OJH" name="TestCases.UnpaidInvoicesTest_006" tests="1" failures="0" timestamp="2021-05-31T17:27:52 PDT" time="64.401" errors="0">
  <testcase name="searchUnpaidInvoice" time="64.401" classname="TestCases.UnpaidInvoicesTest_006"/>
  <system-out/>
</testsuite> <!-- TestCases.UnpaidInvoicesTest_006 -->
