<?xml version="1.0" encoding="UTF-8"?>
<!-- Generated by org.testng.reporters.JUnitReportReporter -->
<testsuite skipped="0" hostname="LAPTOP-UIFB6OJH" name="TestCases.ClientPerformanceTest_011" tests="2" failures="0" timestamp="2021-05-31T18:39:03 PDT" time="75.726" errors="0">
  <testcase name="Clientperformance" time="36.432" classname="TestCases.ClientPerformanceTest_011"/>
  <system-out/>
  <testcase name="Outstanding" time="39.294" classname="TestCases.ClientPerformanceTest_011"/>
  <system-out/>
</testsuite> <!-- TestCases.ClientPerformanceTest_011 -->
