<?xml version="1.0" encoding="UTF-8"?>
<!-- Generated by org.testng.reporters.JUnitReportReporter -->
<testsuite skipped="0" hostname="LAPTOP-UIFB6OJH" name="TestCases.ByAgeingReportsTest_009" tests="1" failures="0" timestamp="2021-06-26T18:45:25 PDT" time="61.103" errors="0">
  <testcase name="verifyInvoice" time="61.103" classname="TestCases.ByAgeingReportsTest_009"/>
  <system-out/>
</testsuite> <!-- TestCases.ByAgeingReportsTest_009 -->
