<?xml version="1.0" encoding="UTF-8"?>
<!-- Generated by org.testng.reporters.JUnitReportReporter -->
<testsuite skipped="0" hostname="LAPTOP-UIFB6OJH" name="TestCases.loginpagetest_001" tests="2" failures="0" timestamp="2021-05-17T11:30:19 PDT" time="59.351" errors="0">
  <testcase name="invalidLoginTest" time="33.191" classname="TestCases.loginpagetest_001"/>
  <system-out/>
  <testcase name="loginTest" time="26.160" classname="TestCases.loginpagetest_001"/>
  <system-out/>
</testsuite> <!-- TestCases.loginpagetest_001 -->
