<?xml version="1.0" encoding="UTF-8"?>
<!-- Generated by org.testng.reporters.JUnitReportReporter -->
<testsuite skipped="0" hostname="LAPTOP-UIFB6OJH" name="TestCases.loginpagetest_001" tests="2" failures="0" timestamp="2021-06-26T18:15:40 PDT" time="139.830" errors="0">
  <testcase name="loginTest" time="78.170" classname="TestCases.loginpagetest_001"/>
  <system-out/>
  <testcase name="invalidLoginTest" time="61.660" classname="TestCases.loginpagetest_001"/>
  <system-out/>
</testsuite> <!-- TestCases.loginpagetest_001 -->
