<?xml version="1.0" encoding="UTF-8"?>
<!-- Generated by org.testng.reporters.JUnitReportReporter -->
<testsuite skipped="0" hostname="LAPTOP-UIFB6OJH" name="TestCases.ByDueDaysTest_007" tests="6" failures="0" timestamp="2021-06-26T19:14:26 PDT" time="311.001" errors="0">
  <testcase name="Click15dayspay" time="48.302" classname="TestCases.ByDueDaysTest_007"/>
  <system-out/>
  <testcase name="Click90dayspay" time="54.056" classname="TestCases.ByDueDaysTest_007"/>
  <system-out/>
  <testcase name="ClickTooFardayspay" time="61.780" classname="TestCases.ByDueDaysTest_007"/>
  <system-out/>
  <testcase name="TodaysPayment" time="46.950" classname="TestCases.ByDueDaysTest_007"/>
  <system-out/>
  <testcase name="Click30dayspay" time="57.739" classname="TestCases.ByDueDaysTest_007"/>
  <system-out/>
  <testcase name="Click60dayspay" time="42.174" classname="TestCases.ByDueDaysTest_007"/>
  <system-out/>
</testsuite> <!-- TestCases.ByDueDaysTest_007 -->
