<?xml version="1.0" encoding="UTF-8"?>
<!-- Generated by org.testng.reporters.JUnitReportReporter -->
<testsuite skipped="0" hostname="LAPTOP-UIFB6OJH" name="TestCases.UpdatePaymentTest_014" tests="1" failures="0" timestamp="2021-06-24T11:01:07 PDT" time="24.949" errors="0">
  <testcase name="CollectAmount" time="24.949" classname="TestCases.UpdatePaymentTest_014"/>
  <system-out/>
</testsuite> <!-- TestCases.UpdatePaymentTest_014 -->
