<?xml version="1.0" encoding="UTF-8"?>
<!-- Generated by org.testng.reporters.JUnitReportReporter -->
<testsuite skipped="0" hostname="LAPTOP-UIFB6OJH" name="TestCases.DashboardTest_004" tests="1" failures="0" timestamp="2021-06-22T15:38:12 PDT" time="83.210" errors="0">
  <testcase name="searchinvoice" time="83.210" classname="TestCases.DashboardTest_004"/>
  <system-out/>
</testsuite> <!-- TestCases.DashboardTest_004 -->
